<?xml version="1.0" encoding="UTF-8"?>
<!-- Generated by org.testng.reporters.JUnitReportReporter -->
<testsuite hostname="LAPTOP-9REF4ALR" failures="0" tests="8" name="testClasses.TestClass2" time="0.014" errors="0" timestamp="2022-12-13T15:55:19 IST" skipped="0">
  <testcase classname="testClasses.TestClass2" name="VerifyUserAddAddress" time="0.000"/>
  <system-out/>
  <testcase classname="testClasses.TestClass2" name="VerifyUserAddProductinCart" time="0.001"/>
  <system-out/>
  <testcase classname="testClasses.TestClass2" name="VerifyUserAddAddress" time="0.002"/>
  <system-out/>
  <testcase classname="testClasses.TestClass2" name="VerifyUserSearchfood" time="0.003"/>
  <system-out/>
  <testcase classname="testClasses.TestClass2" name="VerifyUserCanbyProduct" time="0.002"/>
  <system-out/>
  <testcase classname="testClasses.TestClass2" name="VerifyUserCanbyProduct" time="0.001"/>
  <system-out/>
  <testcase classname="testClasses.TestClass2" name="VerifyUserSearchfood" time="0.003"/>
  <system-out/>
  <testcase classname="testClasses.TestClass2" name="VerifyUserAddProductinCart" time="0.002"/>
  <system-out/>
</testsuite> <!-- testClasses.TestClass2 -->
