<?xml version="1.0" encoding="UTF-8"?>
<!-- Generated by org.testng.reporters.JUnitReportReporter -->
<testsuite hostname="LAPTOP-9REF4ALR" failures="0" tests="8" name="testClasses.TestClass1" time="138.951" errors="0" timestamp="2022-12-13T15:55:19 IST" skipped="0">
  <testcase classname="testClasses.TestClass1" name="Test1" time="3.909"/>
  <system-out>
    <![CDATA[SoftAssert is Apply Successful]]>
  </system-out>
  <testcase classname="testClasses.TestClass1" name="test2" time="22.900"/>
  <system-out>
    <![CDATA[hi i am Test2
Test2 Run Successfull]]>
  </system-out>
  <testcase classname="testClasses.TestClass1" name="Test1" time="3.686"/>
  <system-out>
    <![CDATA[SoftAssert is Apply Successful]]>
  </system-out>
  <testcase classname="testClasses.TestClass1" name="test2" time="21.209"/>
  <system-out>
    <![CDATA[hi i am Test2
Test2 Run Successfull]]>
  </system-out>
  <testcase classname="testClasses.TestClass1" name="test2" time="22.676"/>
  <system-out>
    <![CDATA[hi i am Test2
Test2 Run Successfull]]>
  </system-out>
  <testcase classname="testClasses.TestClass1" name="test2" time="21.308"/>
  <system-out>
    <![CDATA[hi i am Test2
Test2 Run Successfull]]>
  </system-out>
  <testcase classname="testClasses.TestClass1" name="test2" time="21.619"/>
  <system-out>
    <![CDATA[hi i am Test2
Test2 Run Successfull]]>
  </system-out>
  <testcase classname="testClasses.TestClass1" name="test2" time="21.644"/>
  <system-out>
    <![CDATA[hi i am Test2
Test2 Run Successfull]]>
  </system-out>
</testsuite> <!-- testClasses.TestClass1 -->
